<?xml version="1.0" encoding="UTF-8"?>
<!-- Generated by org.testng.reporters.JUnitReportReporter -->
<testsuite hostname="Lenovo" failures="0" tests="1" name="test.Day8" time="38.095" errors="0" timestamp="2022-11-18T23:40:35 IST" skipped="0">
  <testcase classname="test.Day8" name="day8" time="38.095"/>
  <system-out/>
</testsuite> <!-- test.Day8 -->
