<?xml version="1.0" encoding="UTF-8"?>
<!-- Generated by org.testng.reporters.JUnitReportReporter -->
<testsuite hostname="Lenovo" failures="0" tests="1" name="test.Day7" time="274.090" errors="0" timestamp="2022-11-18T19:40:24 IST" skipped="0">
  <testcase classname="test.Day7" name="day7" time="274.090"/>
  <system-out/>
</testsuite> <!-- test.Day7 -->
