<?xml version="1.0" encoding="UTF-8"?>
<!-- Generated by org.testng.reporters.JUnitReportReporter -->
<testsuite hostname="Lenovo" failures="0" tests="1" name="test.Day1" time="25.550" errors="0" timestamp="2022-11-10T13:11:25 IST" skipped="0">
  <testcase classname="test.Day1" name="day1" time="25.550"/>
  <system-out/>
</testsuite> <!-- test.Day1 -->
