<?xml version="1.0" encoding="UTF-8"?>
<!-- Generated by org.testng.reporters.JUnitReportReporter -->
<testsuite hostname="Lenovo" failures="0" tests="1" name="test.Day3" time="29.508" errors="0" timestamp="2022-11-16T20:21:59 IST" skipped="0">
  <testcase classname="test.Day3" name="day3" time="29.508"/>
  <system-out/>
</testsuite> <!-- test.Day3 -->
