<?xml version="1.0" encoding="UTF-8"?>
<!-- Generated by org.testng.reporters.JUnitReportReporter -->
<testsuite hostname="Lenovo" failures="0" tests="1" name="test.Day2" time="18.718" errors="0" timestamp="2022-11-10T19:57:47 IST" skipped="0">
  <testcase classname="test.Day2" name="day2" time="18.718"/>
  <system-out/>
</testsuite> <!-- test.Day2 -->
