<?xml version="1.0" encoding="UTF-8"?>
<!-- Generated by org.testng.reporters.JUnitReportReporter -->
<testsuite hostname="Lenovo" failures="0" tests="1" name="test.Day4" time="30.892" errors="0" timestamp="2022-11-17T11:30:29 IST" skipped="0">
  <testcase classname="test.Day4" name="day4" time="30.892"/>
  <system-out/>
</testsuite> <!-- test.Day4 -->
